PROJECT_NAME: spacy
BUG_ID: 2
VERSION_ID: 1
WORK_DIR: /home/sumukher/evals/BugsInPy/framework/bin/temp
https://github.com/explosion/spaCy
github_url="https://github.com/explosion/spaCy"
status="OK"
fatal: destination path '/home/sumukher/evals/BugsInPy/framework/bin/temp/spacy' already exists and is not an empty directory.
HEAD is now at cfdaf99b8 Fix passing of component configuration (#5374)
'/home/sumukher/evals/BugsInPy/framework/bin/temp/spacy/spacy/tests/regression/test_issue5137.py' -> '/home/sumukher/evals/BugsInPy/projects/spacy/bugs/2/test_issue5137.py'
'/home/sumukher/evals/BugsInPy/framework/bin/temp/spacy/spacy/util.py' -> '/home/sumukher/evals/BugsInPy/projects/spacy/bugs/2/util.py'
'/home/sumukher/evals/BugsInPy/framework/bin/temp/spacy/website/docs/usage/saving-loading.md' -> '/home/sumukher/evals/BugsInPy/projects/spacy/bugs/2/saving-loading.md'
'/home/sumukher/evals/BugsInPy/framework/bin/temp/spacy/spacy/tests/regression/test_issue5137.py' -> '/home/sumukher/evals/BugsInPy/projects/spacy/bugs/2/test_issue5137.py'
HEAD is now at efec28ce7 Merge pull request #5367 from adrianeboyd/feature/simplify-warnings-v2
Removing bugsinpy_bug.info
Removing bugsinpy_compile_flag
Removing bugsinpy_fail.txt
Removing bugsinpy_patchfile.info
Removing bugsinpy_requirements.txt
Removing bugsinpy_run_test.sh
Removing bugsinpy_setup.sh
Removing spacy/tests/test_errors.py
pip3 install -r requirements.txt
python setup.py build_ext --inplace
dos2unix: converting file /home/sumukher/evals/BugsInPy/framework/bin/temp/spacy/bugsinpy_requirements.txt to Unix format...
Collecting atomicwrites==1.4.0
  Using cached https://files.pythonhosted.org/packages/2c/a0/da5f49008ec6e9a658dbf5d7310a4debd397bce0b4db03cf8a410066bb87/atomicwrites-1.4.0-py2.py3-none-any.whl
Installing collected packages: atomicwrites
Successfully installed atomicwrites-1.4.0
WARNING: You are using pip version 19.2.3, however version 21.0.1 is available.
You should consider upgrading via the 'pip install --upgrade pip' command.
Collecting attrs==19.3.0
  Using cached https://files.pythonhosted.org/packages/a2/db/4313ab3be961f7a763066401fb77f7748373b6094076ae2bda2806988af6/attrs-19.3.0-py2.py3-none-any.whl
Installing collected packages: attrs
Successfully installed attrs-19.3.0
WARNING: You are using pip version 19.2.3, however version 21.0.1 is available.
You should consider upgrading via the 'pip install --upgrade pip' command.
Collecting blis==0.4.1
  Using cached https://files.pythonhosted.org/packages/92/6e/7191dafd1f5dca140e9a61a387c114e14fd730dc5953ee1aca8b5ac5600d/blis-0.4.1-cp38-cp38-manylinux1_x86_64.whl
Collecting numpy>=1.15.0 (from blis==0.4.1)
  Using cached https://files.pythonhosted.org/packages/ca/e5/8abad0d947199a7c66995c710fa8c9fb1de0af6239575f9129d75fa4e9ed/numpy-1.20.0-cp38-cp38-manylinux2010_x86_64.whl
Installing collected packages: numpy, blis
Successfully installed blis-0.4.1 numpy-1.20.0
WARNING: You are using pip version 19.2.3, however version 21.0.1 is available.
You should consider upgrading via the 'pip install --upgrade pip' command.
Collecting catalogue==1.0.0
  Using cached https://files.pythonhosted.org/packages/6c/f9/9a5658e2f56932e41eb264941f9a2cb7f3ce41a80cb36b2af6ab78e2f8af/catalogue-1.0.0-py2.py3-none-any.whl
Installing collected packages: catalogue
Successfully installed catalogue-1.0.0
WARNING: You are using pip version 19.2.3, however version 21.0.1 is available.
You should consider upgrading via the 'pip install --upgrade pip' command.
Collecting certifi==2020.4.5.1
  Using cached https://files.pythonhosted.org/packages/57/2b/26e37a4b034800c960a00c4e1b3d9ca5d7014e983e6e729e33ea2f36426c/certifi-2020.4.5.1-py2.py3-none-any.whl
Installing collected packages: certifi
Successfully installed certifi-2020.4.5.1
WARNING: You are using pip version 19.2.3, however version 21.0.1 is available.
You should consider upgrading via the 'pip install --upgrade pip' command.
Collecting chardet==3.0.4
  Using cached https://files.pythonhosted.org/packages/bc/a9/01ffebfb562e4274b6487b4bb1ddec7ca55ec7510b22e4c51f14098443b8/chardet-3.0.4-py2.py3-none-any.whl
Installing collected packages: chardet
Successfully installed chardet-3.0.4
WARNING: You are using pip version 19.2.3, however version 21.0.1 is available.
You should consider upgrading via the 'pip install --upgrade pip' command.
Collecting colorama==0.4.3
  Using cached https://files.pythonhosted.org/packages/c9/dc/45cdef1b4d119eb96316b3117e6d5708a08029992b2fee2c143c7a0a5cc5/colorama-0.4.3-py2.py3-none-any.whl
Installing collected packages: colorama
Successfully installed colorama-0.4.3
WARNING: You are using pip version 19.2.3, however version 21.0.1 is available.
You should consider upgrading via the 'pip install --upgrade pip' command.
Collecting cymem==2.0.3
  Using cached https://files.pythonhosted.org/packages/41/2d/d24b1b980da72883a6a8dc5f9bdf48bcb892f3ac1579fb300045771693c3/cymem-2.0.3-cp38-cp38-manylinux1_x86_64.whl
Installing collected packages: cymem
Successfully installed cymem-2.0.3
WARNING: You are using pip version 19.2.3, however version 21.0.1 is available.
You should consider upgrading via the 'pip install --upgrade pip' command.
Collecting Cython==0.29.19
  Using cached https://files.pythonhosted.org/packages/c5/b9/5563cbab2507c4f0775c91223a1ec316e6da33a0d7cf4cef41c6d8eb58b8/Cython-0.29.19-cp38-cp38-manylinux1_x86_64.whl
Installing collected packages: Cython
Successfully installed Cython-0.29.19
WARNING: You are using pip version 19.2.3, however version 21.0.1 is available.
You should consider upgrading via the 'pip install --upgrade pip' command.
Collecting flake8==3.5.0
  Using cached https://files.pythonhosted.org/packages/b9/dc/14e9d94c770b8c4ef584e906c7583e74864786a58d47de101f2767d50c0b/flake8-3.5.0-py2.py3-none-any.whl
Collecting mccabe<0.7.0,>=0.6.0 (from flake8==3.5.0)
  Using cached https://files.pythonhosted.org/packages/87/89/479dc97e18549e21354893e4ee4ef36db1d237534982482c3681ee6e7b57/mccabe-0.6.1-py2.py3-none-any.whl
Collecting pycodestyle<2.4.0,>=2.0.0 (from flake8==3.5.0)
  Using cached https://files.pythonhosted.org/packages/e4/81/78fe51eb4038d1388b7217dd63770b0f428370207125047312886c923b26/pycodestyle-2.3.1-py2.py3-none-any.whl
Collecting pyflakes<1.7.0,>=1.5.0 (from flake8==3.5.0)
  Using cached https://files.pythonhosted.org/packages/d7/40/733bcc64da3161ae4122c11e88269f276358ca29335468005cb0ee538665/pyflakes-1.6.0-py2.py3-none-any.whl
Installing collected packages: mccabe, pycodestyle, pyflakes, flake8
Successfully installed flake8-3.5.0 mccabe-0.6.1 pycodestyle-2.3.1 pyflakes-1.6.0
WARNING: You are using pip version 19.2.3, however version 21.0.1 is available.
You should consider upgrading via the 'pip install --upgrade pip' command.
Collecting idna==2.9
  Using cached https://files.pythonhosted.org/packages/89/e3/afebe61c546d18fb1709a61bee788254b40e736cff7271c7de5de2dc4128/idna-2.9-py2.py3-none-any.whl
Installing collected packages: idna
Successfully installed idna-2.9
WARNING: You are using pip version 19.2.3, however version 21.0.1 is available.
You should consider upgrading via the 'pip install --upgrade pip' command.
Collecting importlib-metadata==1.6.1
  Using cached https://files.pythonhosted.org/packages/98/13/a1d703ec396ade42c1d33df0e1cb691a28b7c08b336a5683912c87e04cd7/importlib_metadata-1.6.1-py2.py3-none-any.whl
Collecting zipp>=0.5 (from importlib-metadata==1.6.1)
  Using cached https://files.pythonhosted.org/packages/41/ad/6a4f1a124b325618a7fb758b885b68ff7b058eec47d9220a12ab38d90b1f/zipp-3.4.0-py3-none-any.whl
Installing collected packages: zipp, importlib-metadata
Successfully installed importlib-metadata-1.6.1 zipp-3.4.0
WARNING: You are using pip version 19.2.3, however version 21.0.1 is available.
You should consider upgrading via the 'pip install --upgrade pip' command.
Collecting jsonschema==3.0.2
  Using cached https://files.pythonhosted.org/packages/54/48/f5f11003ceddcd4ad292d4d9b5677588e9169eef41f88e38b2888e7ec6c4/jsonschema-3.0.2-py2.py3-none-any.whl
Collecting pyrsistent>=0.14.0 (from jsonschema==3.0.2)
  Using cached https://files.pythonhosted.org/packages/4d/70/fd441df751ba8b620e03fd2d2d9ca902103119616f0f6cc42e6405035062/pyrsistent-0.17.3.tar.gz
Collecting six>=1.11.0 (from jsonschema==3.0.2)
  Using cached https://files.pythonhosted.org/packages/ee/ff/48bde5c0f013094d729fe4b0316ba2a24774b3ff1c52d924a8a4cb04078a/six-1.15.0-py2.py3-none-any.whl
Requirement already satisfied: setuptools in ./env/lib/python3.8/site-packages (from jsonschema==3.0.2) (41.2.0)
Requirement already satisfied: attrs>=17.4.0 in ./env/lib/python3.8/site-packages (from jsonschema==3.0.2) (19.3.0)
Installing collected packages: pyrsistent, six, jsonschema
  Running setup.py install for pyrsistent: started
    Running setup.py install for pyrsistent: finished with status 'done'
Successfully installed jsonschema-3.0.2 pyrsistent-0.17.3 six-1.15.0
WARNING: You are using pip version 19.2.3, however version 21.0.1 is available.
You should consider upgrading via the 'pip install --upgrade pip' command.
Requirement already satisfied: mccabe==0.6.1 in ./env/lib/python3.8/site-packages (0.6.1)
WARNING: You are using pip version 19.2.3, however version 21.0.1 is available.
You should consider upgrading via the 'pip install --upgrade pip' command.
Collecting mock==2.0.0
  Using cached https://files.pythonhosted.org/packages/e6/35/f187bdf23be87092bd0f1200d43d23076cee4d0dec109f195173fd3ebc79/mock-2.0.0-py2.py3-none-any.whl
Collecting pbr>=0.11 (from mock==2.0.0)
  Using cached https://files.pythonhosted.org/packages/fb/48/69046506f6ac61c1eaa9a0d42d22d54673b69e176d30ca98e3f61513e980/pbr-5.5.1-py2.py3-none-any.whl
Requirement already satisfied: six>=1.9 in ./env/lib/python3.8/site-packages (from mock==2.0.0) (1.15.0)
Installing collected packages: pbr, mock
Successfully installed mock-2.0.0 pbr-5.5.1
WARNING: You are using pip version 19.2.3, however version 21.0.1 is available.
You should consider upgrading via the 'pip install --upgrade pip' command.
Collecting more-itertools==8.3.0
  Using cached https://files.pythonhosted.org/packages/06/b1/2dcadc4861c505a807d5c6d88928450fe5afcf352f205432572a10d74657/more_itertools-8.3.0-py3-none-any.whl
Installing collected packages: more-itertools
Successfully installed more-itertools-8.3.0
WARNING: You are using pip version 19.2.3, however version 21.0.1 is available.
You should consider upgrading via the 'pip install --upgrade pip' command.
Collecting murmurhash==1.0.2
  Using cached https://files.pythonhosted.org/packages/20/2d/798d60fdfdf4fcc16b9c73d9450183fb61fdb89e8d475fa94d07edfcd3b7/murmurhash-1.0.2-cp38-cp38-manylinux1_x86_64.whl
Installing collected packages: murmurhash
Successfully installed murmurhash-1.0.2
WARNING: You are using pip version 19.2.3, however version 21.0.1 is available.
You should consider upgrading via the 'pip install --upgrade pip' command.
Collecting numpy==1.18.5
  Using cached https://files.pythonhosted.org/packages/01/c6/87592f924246da1e58673cf708a2748754517c5cf050726238d6cfbd8df4/numpy-1.18.5-cp38-cp38-manylinux1_x86_64.whl
Installing collected packages: numpy
  Found existing installation: numpy 1.20.0
    Uninstalling numpy-1.20.0:
      Successfully uninstalled numpy-1.20.0
Successfully installed numpy-1.18.5
WARNING: You are using pip version 19.2.3, however version 21.0.1 is available.
You should consider upgrading via the 'pip install --upgrade pip' command.
Collecting packaging==20.4
  Using cached https://files.pythonhosted.org/packages/46/19/c5ab91b1b05cfe63cccd5cfc971db9214c6dd6ced54e33c30d5af1d2bc43/packaging-20.4-py2.py3-none-any.whl
Requirement already satisfied: six in ./env/lib/python3.8/site-packages (from packaging==20.4) (1.15.0)
Collecting pyparsing>=2.0.2 (from packaging==20.4)
  Using cached https://files.pythonhosted.org/packages/8a/bb/488841f56197b13700afd5658fc279a2025a39e22449b7cf29864669b15d/pyparsing-2.4.7-py2.py3-none-any.whl
Installing collected packages: pyparsing, packaging
Successfully installed packaging-20.4 pyparsing-2.4.7
WARNING: You are using pip version 19.2.3, however version 21.0.1 is available.
You should consider upgrading via the 'pip install --upgrade pip' command.
Collecting pbr==5.4.5
  Using cached https://files.pythonhosted.org/packages/96/ba/aa953a11ec014b23df057ecdbc922fdb40ca8463466b1193f3367d2711a6/pbr-5.4.5-py2.py3-none-any.whl
Installing collected packages: pbr
  Found existing installation: pbr 5.5.1
    Uninstalling pbr-5.5.1:
      Successfully uninstalled pbr-5.5.1
Successfully installed pbr-5.4.5
WARNING: You are using pip version 19.2.3, however version 21.0.1 is available.
You should consider upgrading via the 'pip install --upgrade pip' command.
Collecting plac==1.1.3
  Using cached https://files.pythonhosted.org/packages/86/85/40b8f66c2dd8f4fd9f09d59b22720cffecf1331e788b8a0cab5bafb353d1/plac-1.1.3-py2.py3-none-any.whl
Installing collected packages: plac
Successfully installed plac-1.1.3
WARNING: You are using pip version 19.2.3, however version 21.0.1 is available.
You should consider upgrading via the 'pip install --upgrade pip' command.
Collecting pluggy==0.13.1
  Using cached https://files.pythonhosted.org/packages/a0/28/85c7aa31b80d150b772fbe4a229487bc6644da9ccb7e427dd8cc60cb8a62/pluggy-0.13.1-py2.py3-none-any.whl
Installing collected packages: pluggy
Successfully installed pluggy-0.13.1
WARNING: You are using pip version 19.2.3, however version 21.0.1 is available.
You should consider upgrading via the 'pip install --upgrade pip' command.
Collecting preshed==3.0.2
  Using cached https://files.pythonhosted.org/packages/1e/b6/3a7a9ea7287e67e7ef16b52f6fd8646c2d2634c67e57bf94bb2352da3367/preshed-3.0.2-cp38-cp38-manylinux1_x86_64.whl
Requirement already satisfied: murmurhash<1.1.0,>=0.28.0 in ./env/lib/python3.8/site-packages (from preshed==3.0.2) (1.0.2)
Requirement already satisfied: cymem<2.1.0,>=2.0.2 in ./env/lib/python3.8/site-packages (from preshed==3.0.2) (2.0.3)
Installing collected packages: preshed
Successfully installed preshed-3.0.2
WARNING: You are using pip version 19.2.3, however version 21.0.1 is available.
You should consider upgrading via the 'pip install --upgrade pip' command.
Collecting py==1.8.1
  Using cached https://files.pythonhosted.org/packages/99/8d/21e1767c009211a62a8e3067280bfce76e89c9f876180308515942304d2d/py-1.8.1-py2.py3-none-any.whl
Installing collected packages: py
Successfully installed py-1.8.1
WARNING: You are using pip version 19.2.3, however version 21.0.1 is available.
You should consider upgrading via the 'pip install --upgrade pip' command.
Requirement already satisfied: pycodestyle==2.3.1 in ./env/lib/python3.8/site-packages (2.3.1)
WARNING: You are using pip version 19.2.3, however version 21.0.1 is available.
You should consider upgrading via the 'pip install --upgrade pip' command.
Requirement already satisfied: pyflakes==1.6.0 in ./env/lib/python3.8/site-packages (1.6.0)
WARNING: You are using pip version 19.2.3, however version 21.0.1 is available.
You should consider upgrading via the 'pip install --upgrade pip' command.
Requirement already satisfied: pyparsing==2.4.7 in ./env/lib/python3.8/site-packages (2.4.7)
WARNING: You are using pip version 19.2.3, however version 21.0.1 is available.
You should consider upgrading via the 'pip install --upgrade pip' command.
Collecting pyrsistent==0.16.0
  Using cached https://files.pythonhosted.org/packages/9f/0d/cbca4d0bbc5671822a59f270e4ce3f2195f8a899c97d0d5abb81b191efb5/pyrsistent-0.16.0.tar.gz
Requirement already satisfied: six in ./env/lib/python3.8/site-packages (from pyrsistent==0.16.0) (1.15.0)
Installing collected packages: pyrsistent
  Found existing installation: pyrsistent 0.17.3
    Uninstalling pyrsistent-0.17.3:
      Successfully uninstalled pyrsistent-0.17.3
  Running setup.py install for pyrsistent: started
    Running setup.py install for pyrsistent: finished with status 'done'
Successfully installed pyrsistent-0.16.0
WARNING: You are using pip version 19.2.3, however version 21.0.1 is available.
You should consider upgrading via the 'pip install --upgrade pip' command.
Collecting pytest==5.4.3
  Using cached https://files.pythonhosted.org/packages/9f/f3/0a83558da436a081344aa6c8b85ea5b5f05071214106036ce341b7769b0b/pytest-5.4.3-py3-none-any.whl
Requirement already satisfied: more-itertools>=4.0.0 in ./env/lib/python3.8/site-packages (from pytest==5.4.3) (8.3.0)
Requirement already satisfied: packaging in ./env/lib/python3.8/site-packages (from pytest==5.4.3) (20.4)
Requirement already satisfied: attrs>=17.4.0 in ./env/lib/python3.8/site-packages (from pytest==5.4.3) (19.3.0)
Collecting wcwidth (from pytest==5.4.3)
  Using cached https://files.pythonhosted.org/packages/59/7c/e39aca596badaf1b78e8f547c807b04dae603a433d3e7a7e04d67f2ef3e5/wcwidth-0.2.5-py2.py3-none-any.whl
Requirement already satisfied: pluggy<1.0,>=0.12 in ./env/lib/python3.8/site-packages (from pytest==5.4.3) (0.13.1)
Requirement already satisfied: py>=1.5.0 in ./env/lib/python3.8/site-packages (from pytest==5.4.3) (1.8.1)
Requirement already satisfied: pyparsing>=2.0.2 in ./env/lib/python3.8/site-packages (from packaging->pytest==5.4.3) (2.4.7)
Requirement already satisfied: six in ./env/lib/python3.8/site-packages (from packaging->pytest==5.4.3) (1.15.0)
Installing collected packages: wcwidth, pytest
Successfully installed pytest-5.4.3 wcwidth-0.2.5
WARNING: You are using pip version 19.2.3, however version 21.0.1 is available.
You should consider upgrading via the 'pip install --upgrade pip' command.
Collecting pytest-timeout==1.3.4
  Using cached https://files.pythonhosted.org/packages/de/23/048cd3a3e03a35c45df4f7ce9fb2ce5fb424479633cceb46143debeafc2f/pytest_timeout-1.3.4-py2.py3-none-any.whl
Requirement already satisfied: pytest>=3.6.0 in ./env/lib/python3.8/site-packages (from pytest-timeout==1.3.4) (5.4.3)
Requirement already satisfied: attrs>=17.4.0 in ./env/lib/python3.8/site-packages (from pytest>=3.6.0->pytest-timeout==1.3.4) (19.3.0)
Requirement already satisfied: packaging in ./env/lib/python3.8/site-packages (from pytest>=3.6.0->pytest-timeout==1.3.4) (20.4)
Requirement already satisfied: pluggy<1.0,>=0.12 in ./env/lib/python3.8/site-packages (from pytest>=3.6.0->pytest-timeout==1.3.4) (0.13.1)
Requirement already satisfied: py>=1.5.0 in ./env/lib/python3.8/site-packages (from pytest>=3.6.0->pytest-timeout==1.3.4) (1.8.1)
Requirement already satisfied: wcwidth in ./env/lib/python3.8/site-packages (from pytest>=3.6.0->pytest-timeout==1.3.4) (0.2.5)
Requirement already satisfied: more-itertools>=4.0.0 in ./env/lib/python3.8/site-packages (from pytest>=3.6.0->pytest-timeout==1.3.4) (8.3.0)
Requirement already satisfied: six in ./env/lib/python3.8/site-packages (from packaging->pytest>=3.6.0->pytest-timeout==1.3.4) (1.15.0)
Requirement already satisfied: pyparsing>=2.0.2 in ./env/lib/python3.8/site-packages (from packaging->pytest>=3.6.0->pytest-timeout==1.3.4) (2.4.7)
Installing collected packages: pytest-timeout
Successfully installed pytest-timeout-1.3.4
WARNING: You are using pip version 19.2.3, however version 21.0.1 is available.
You should consider upgrading via the 'pip install --upgrade pip' command.
Collecting requests==2.23.0
  Using cached https://files.pythonhosted.org/packages/1a/70/1935c770cb3be6e3a8b78ced23d7e0f3b187f5cbfab4749523ed65d7c9b1/requests-2.23.0-py2.py3-none-any.whl
Requirement already satisfied: idna<3,>=2.5 in ./env/lib/python3.8/site-packages (from requests==2.23.0) (2.9)
Requirement already satisfied: chardet<4,>=3.0.2 in ./env/lib/python3.8/site-packages (from requests==2.23.0) (3.0.4)
Collecting urllib3!=1.25.0,!=1.25.1,<1.26,>=1.21.1 (from requests==2.23.0)
  Using cached https://files.pythonhosted.org/packages/56/aa/4ef5aa67a9a62505db124a5cb5262332d1d4153462eb8fd89c9fa41e5d92/urllib3-1.25.11-py2.py3-none-any.whl
Requirement already satisfied: certifi>=2017.4.17 in ./env/lib/python3.8/site-packages (from requests==2.23.0) (2020.4.5.1)
Installing collected packages: urllib3, requests
Successfully installed requests-2.23.0 urllib3-1.25.11
WARNING: You are using pip version 19.2.3, however version 21.0.1 is available.
You should consider upgrading via the 'pip install --upgrade pip' command.
Requirement already satisfied: six==1.15.0 in ./env/lib/python3.8/site-packages (1.15.0)
WARNING: You are using pip version 19.2.3, however version 21.0.1 is available.
You should consider upgrading via the 'pip install --upgrade pip' command.
Collecting srsly==1.0.2
  Using cached https://files.pythonhosted.org/packages/1e/18/eff2f26419bf99a0a18acfe287d98a0bedb1a65618f86bdbe95c5acd580b/srsly-1.0.2-cp38-cp38-manylinux1_x86_64.whl
Installing collected packages: srsly
Successfully installed srsly-1.0.2
WARNING: You are using pip version 19.2.3, however version 21.0.1 is available.
You should consider upgrading via the 'pip install --upgrade pip' command.
Collecting thinc==7.4.0
  Using cached https://files.pythonhosted.org/packages/27/83/04fa4d7abf1989f1416becfc951eb26891ecb09207ca62907c4004cd23d9/thinc-7.4.0-cp38-cp38-manylinux1_x86_64.whl
Requirement already satisfied: plac<1.2.0,>=0.9.6 in ./env/lib/python3.8/site-packages (from thinc==7.4.0) (1.1.3)
Requirement already satisfied: srsly<1.1.0,>=0.0.6 in ./env/lib/python3.8/site-packages (from thinc==7.4.0) (1.0.2)
Requirement already satisfied: blis<0.5.0,>=0.4.0 in ./env/lib/python3.8/site-packages (from thinc==7.4.0) (0.4.1)
Requirement already satisfied: catalogue<1.1.0,>=0.0.7 in ./env/lib/python3.8/site-packages (from thinc==7.4.0) (1.0.0)
Requirement already satisfied: cymem<2.1.0,>=2.0.2 in ./env/lib/python3.8/site-packages (from thinc==7.4.0) (2.0.3)
Requirement already satisfied: preshed<3.1.0,>=1.0.1 in ./env/lib/python3.8/site-packages (from thinc==7.4.0) (3.0.2)
Collecting tqdm<5.0.0,>=4.10.0 (from thinc==7.4.0)
  Using cached https://files.pythonhosted.org/packages/80/02/8f8880a4fd6625461833abcf679d4c12a44c76f9925f92bf212bb6cefaad/tqdm-4.56.0-py2.py3-none-any.whl
Collecting wasabi<1.1.0,>=0.0.9 (from thinc==7.4.0)
  Using cached https://files.pythonhosted.org/packages/a6/1d/d281571b4c3b20fff183b485c6673c62878727119a849c7932651a8b5060/wasabi-0.8.2-py3-none-any.whl
Requirement already satisfied: murmurhash<1.1.0,>=0.28.0 in ./env/lib/python3.8/site-packages (from thinc==7.4.0) (1.0.2)
Requirement already satisfied: numpy>=1.7.0 in ./env/lib/python3.8/site-packages (from thinc==7.4.0) (1.18.5)
Installing collected packages: tqdm, wasabi, thinc
Successfully installed thinc-7.4.0 tqdm-4.56.0 wasabi-0.8.2
WARNING: You are using pip version 19.2.3, however version 21.0.1 is available.
You should consider upgrading via the 'pip install --upgrade pip' command.
Collecting tqdm==4.46.1
  Using cached https://files.pythonhosted.org/packages/f3/76/4697ce203a3d42b2ead61127b35e5fcc26bba9a35c03b32a2bd342a4c869/tqdm-4.46.1-py2.py3-none-any.whl
Installing collected packages: tqdm
  Found existing installation: tqdm 4.56.0
    Uninstalling tqdm-4.56.0:
      Successfully uninstalled tqdm-4.56.0
Successfully installed tqdm-4.46.1
WARNING: You are using pip version 19.2.3, however version 21.0.1 is available.
You should consider upgrading via the 'pip install --upgrade pip' command.
Collecting urllib3==1.25.9
  Using cached https://files.pythonhosted.org/packages/e1/e5/df302e8017440f111c11cc41a6b432838672f5a70aa29227bf58149dc72f/urllib3-1.25.9-py2.py3-none-any.whl
Installing collected packages: urllib3
  Found existing installation: urllib3 1.25.11
    Uninstalling urllib3-1.25.11:
      Successfully uninstalled urllib3-1.25.11
Successfully installed urllib3-1.25.9
WARNING: You are using pip version 19.2.3, however version 21.0.1 is available.
You should consider upgrading via the 'pip install --upgrade pip' command.
Collecting wasabi==0.6.0
  Using cached https://files.pythonhosted.org/packages/21/e1/e4e7b754e6be3a79c400eb766fb34924a6d278c43bb828f94233e0124a21/wasabi-0.6.0-py3-none-any.whl
Installing collected packages: wasabi
  Found existing installation: wasabi 0.8.2
    Uninstalling wasabi-0.8.2:
      Successfully uninstalled wasabi-0.8.2
Successfully installed wasabi-0.6.0
WARNING: You are using pip version 19.2.3, however version 21.0.1 is available.
You should consider upgrading via the 'pip install --upgrade pip' command.
Collecting wcwidth==0.2.3
  Using cached https://files.pythonhosted.org/packages/1b/7b/de30a3962d8fbebbf8d748bfbf20c05c0a7c495df6716e82af109143ba00/wcwidth-0.2.3-py2.py3-none-any.whl
Installing collected packages: wcwidth
  Found existing installation: wcwidth 0.2.5
    Uninstalling wcwidth-0.2.5:
      Successfully uninstalled wcwidth-0.2.5
Successfully installed wcwidth-0.2.3
WARNING: You are using pip version 19.2.3, however version 21.0.1 is available.
You should consider upgrading via the 'pip install --upgrade pip' command.
Collecting zipp==3.1.0
  Using cached https://files.pythonhosted.org/packages/b2/34/bfcb43cc0ba81f527bc4f40ef41ba2ff4080e047acb0586b56b3d017ace4/zipp-3.1.0-py3-none-any.whl
Installing collected packages: zipp
  Found existing installation: zipp 3.4.0
    Uninstalling zipp-3.4.0:
      Successfully uninstalled zipp-3.4.0
Successfully installed zipp-3.1.0
WARNING: You are using pip version 19.2.3, however version 21.0.1 is available.
You should consider upgrading via the 'pip install --upgrade pip' command.
Ignoring pathlib: markers 'python_version < "3.4"' don't match your environment
Requirement already satisfied: cymem<2.1.0,>=2.0.2 in ./env/lib/python3.8/site-packages (from -r requirements.txt (line 2)) (2.0.3)
Requirement already satisfied: preshed<3.1.0,>=3.0.2 in ./env/lib/python3.8/site-packages (from -r requirements.txt (line 3)) (3.0.2)
Requirement already satisfied: thinc==7.4.0 in ./env/lib/python3.8/site-packages (from -r requirements.txt (line 4)) (7.4.0)
Requirement already satisfied: blis<0.5.0,>=0.4.0 in ./env/lib/python3.8/site-packages (from -r requirements.txt (line 5)) (0.4.1)
Requirement already satisfied: murmurhash<1.1.0,>=0.28.0 in ./env/lib/python3.8/site-packages (from -r requirements.txt (line 6)) (1.0.2)
Requirement already satisfied: wasabi<1.1.0,>=0.4.0 in ./env/lib/python3.8/site-packages (from -r requirements.txt (line 7)) (0.6.0)
Requirement already satisfied: srsly<1.1.0,>=1.0.2 in ./env/lib/python3.8/site-packages (from -r requirements.txt (line 8)) (1.0.2)
Requirement already satisfied: catalogue<1.1.0,>=0.0.7 in ./env/lib/python3.8/site-packages (from -r requirements.txt (line 9)) (1.0.0)
Requirement already satisfied: numpy>=1.15.0 in ./env/lib/python3.8/site-packages (from -r requirements.txt (line 11)) (1.18.5)
Requirement already satisfied: requests<3.0.0,>=2.13.0 in ./env/lib/python3.8/site-packages (from -r requirements.txt (line 12)) (2.23.0)
Requirement already satisfied: plac<1.2.0,>=0.9.6 in ./env/lib/python3.8/site-packages (from -r requirements.txt (line 13)) (1.1.3)
Requirement already satisfied: tqdm<5.0.0,>=4.38.0 in ./env/lib/python3.8/site-packages (from -r requirements.txt (line 15)) (4.46.1)
Requirement already satisfied: jsonschema<3.1.0,>=2.6.0 in ./env/lib/python3.8/site-packages (from -r requirements.txt (line 17)) (3.0.2)
Requirement already satisfied: cython>=0.25 in ./env/lib/python3.8/site-packages (from -r requirements.txt (line 19)) (0.29.19)
Requirement already satisfied: pytest>=4.6.5 in ./env/lib/python3.8/site-packages (from -r requirements.txt (line 20)) (5.4.3)
Requirement already satisfied: pytest-timeout<2.0.0,>=1.3.0 in ./env/lib/python3.8/site-packages (from -r requirements.txt (line 21)) (1.3.4)
Requirement already satisfied: mock<3.0.0,>=2.0.0 in ./env/lib/python3.8/site-packages (from -r requirements.txt (line 22)) (2.0.0)
Requirement already satisfied: flake8<3.6.0,>=3.5.0 in ./env/lib/python3.8/site-packages (from -r requirements.txt (line 23)) (3.5.0)
Requirement already satisfied: certifi>=2017.4.17 in ./env/lib/python3.8/site-packages (from requests<3.0.0,>=2.13.0->-r requirements.txt (line 12)) (2020.4.5.1)
Requirement already satisfied: idna<3,>=2.5 in ./env/lib/python3.8/site-packages (from requests<3.0.0,>=2.13.0->-r requirements.txt (line 12)) (2.9)
Requirement already satisfied: urllib3!=1.25.0,!=1.25.1,<1.26,>=1.21.1 in ./env/lib/python3.8/site-packages (from requests<3.0.0,>=2.13.0->-r requirements.txt (line 12)) (1.25.9)
Requirement already satisfied: chardet<4,>=3.0.2 in ./env/lib/python3.8/site-packages (from requests<3.0.0,>=2.13.0->-r requirements.txt (line 12)) (3.0.4)
Requirement already satisfied: pyrsistent>=0.14.0 in ./env/lib/python3.8/site-packages (from jsonschema<3.1.0,>=2.6.0->-r requirements.txt (line 17)) (0.16.0)
Requirement already satisfied: setuptools in ./env/lib/python3.8/site-packages (from jsonschema<3.1.0,>=2.6.0->-r requirements.txt (line 17)) (41.2.0)
Requirement already satisfied: attrs>=17.4.0 in ./env/lib/python3.8/site-packages (from jsonschema<3.1.0,>=2.6.0->-r requirements.txt (line 17)) (19.3.0)
Requirement already satisfied: six>=1.11.0 in ./env/lib/python3.8/site-packages (from jsonschema<3.1.0,>=2.6.0->-r requirements.txt (line 17)) (1.15.0)
Requirement already satisfied: pluggy<1.0,>=0.12 in ./env/lib/python3.8/site-packages (from pytest>=4.6.5->-r requirements.txt (line 20)) (0.13.1)
Requirement already satisfied: packaging in ./env/lib/python3.8/site-packages (from pytest>=4.6.5->-r requirements.txt (line 20)) (20.4)
Requirement already satisfied: more-itertools>=4.0.0 in ./env/lib/python3.8/site-packages (from pytest>=4.6.5->-r requirements.txt (line 20)) (8.3.0)
Requirement already satisfied: py>=1.5.0 in ./env/lib/python3.8/site-packages (from pytest>=4.6.5->-r requirements.txt (line 20)) (1.8.1)
Requirement already satisfied: wcwidth in ./env/lib/python3.8/site-packages (from pytest>=4.6.5->-r requirements.txt (line 20)) (0.2.3)
Requirement already satisfied: pbr>=0.11 in ./env/lib/python3.8/site-packages (from mock<3.0.0,>=2.0.0->-r requirements.txt (line 22)) (5.4.5)
Requirement already satisfied: pycodestyle<2.4.0,>=2.0.0 in ./env/lib/python3.8/site-packages (from flake8<3.6.0,>=3.5.0->-r requirements.txt (line 23)) (2.3.1)
Requirement already satisfied: pyflakes<1.7.0,>=1.5.0 in ./env/lib/python3.8/site-packages (from flake8<3.6.0,>=3.5.0->-r requirements.txt (line 23)) (1.6.0)
Requirement already satisfied: mccabe<0.7.0,>=0.6.0 in ./env/lib/python3.8/site-packages (from flake8<3.6.0,>=3.5.0->-r requirements.txt (line 23)) (0.6.1)
Requirement already satisfied: pyparsing>=2.0.2 in ./env/lib/python3.8/site-packages (from packaging->pytest>=4.6.5->-r requirements.txt (line 20)) (2.4.7)
WARNING: You are using pip version 19.2.3, however version 21.0.1 is available.
You should consider upgrading via the 'pip install --upgrade pip' command.
[Errno 2] No such file or directory: '/home/sumukher/evals/BugsInPy/framework/bin/temp/spacy/spacy/_align.pyx'
Processing vectors.pyx
Processing typedefs.pyx
Processing tokenizer.pyx
Processing kb.pyx
Processing lexeme.pyx
Processing morphology.pyx
Processing _align.pyx
Traceback (most recent call last):
  File "/home/sumukher/evals/BugsInPy/framework/bin/temp/spacy/bin/cythonize.py", line 169, in <module>
    run(args.root)
  File "/home/sumukher/evals/BugsInPy/framework/bin/temp/spacy/bin/cythonize.py", line 158, in run
    process(base, filename, db)
  File "/home/sumukher/evals/BugsInPy/framework/bin/temp/spacy/bin/cythonize.py", line 124, in process
    preserve_cwd(base, process_pyx, root + ".pyx", root + ".cpp")
  File "/home/sumukher/evals/BugsInPy/framework/bin/temp/spacy/bin/cythonize.py", line 87, in preserve_cwd
    func(*args)
  File "/home/sumukher/evals/BugsInPy/framework/bin/temp/spacy/bin/cythonize.py", line 63, in process_pyx
    raise Exception("Cython failed")
Exception: Cython failed
Cythonizing sources
Traceback (most recent call last):
  File "setup.py", line 199, in <module>
    setup_package()
  File "setup.py", line 187, in setup_package
    generate_cython(root, "spacy")
  File "setup.py", line 114, in generate_cython
    raise RuntimeError("Running cythonize failed")
RuntimeError: Running cythonize failed
Requirement already satisfied: atomicwrites==1.4.0 in ./env/lib/python3.8/site-packages (1.4.0)
WARNING: You are using pip version 19.2.3, however version 21.0.1 is available.
You should consider upgrading via the 'pip install --upgrade pip' command.
Requirement already satisfied: attrs==19.3.0 in ./env/lib/python3.8/site-packages (19.3.0)
WARNING: You are using pip version 19.2.3, however version 21.0.1 is available.
You should consider upgrading via the 'pip install --upgrade pip' command.
Requirement already satisfied: blis==0.4.1 in ./env/lib/python3.8/site-packages (0.4.1)
Requirement already satisfied: numpy>=1.15.0 in ./env/lib/python3.8/site-packages (from blis==0.4.1) (1.18.5)
WARNING: You are using pip version 19.2.3, however version 21.0.1 is available.
You should consider upgrading via the 'pip install --upgrade pip' command.
Requirement already satisfied: catalogue==1.0.0 in ./env/lib/python3.8/site-packages (1.0.0)
WARNING: You are using pip version 19.2.3, however version 21.0.1 is available.
You should consider upgrading via the 'pip install --upgrade pip' command.
Requirement already satisfied: certifi==2020.4.5.1 in ./env/lib/python3.8/site-packages (2020.4.5.1)
WARNING: You are using pip version 19.2.3, however version 21.0.1 is available.
You should consider upgrading via the 'pip install --upgrade pip' command.
Requirement already satisfied: chardet==3.0.4 in ./env/lib/python3.8/site-packages (3.0.4)
WARNING: You are using pip version 19.2.3, however version 21.0.1 is available.
You should consider upgrading via the 'pip install --upgrade pip' command.
Requirement already satisfied: colorama==0.4.3 in ./env/lib/python3.8/site-packages (0.4.3)
WARNING: You are using pip version 19.2.3, however version 21.0.1 is available.
You should consider upgrading via the 'pip install --upgrade pip' command.
Requirement already satisfied: cymem==2.0.3 in ./env/lib/python3.8/site-packages (2.0.3)
WARNING: You are using pip version 19.2.3, however version 21.0.1 is available.
You should consider upgrading via the 'pip install --upgrade pip' command.
Requirement already satisfied: Cython==0.29.19 in ./env/lib/python3.8/site-packages (0.29.19)
WARNING: You are using pip version 19.2.3, however version 21.0.1 is available.
You should consider upgrading via the 'pip install --upgrade pip' command.
Requirement already satisfied: flake8==3.5.0 in ./env/lib/python3.8/site-packages (3.5.0)
Requirement already satisfied: mccabe<0.7.0,>=0.6.0 in ./env/lib/python3.8/site-packages (from flake8==3.5.0) (0.6.1)
Requirement already satisfied: pyflakes<1.7.0,>=1.5.0 in ./env/lib/python3.8/site-packages (from flake8==3.5.0) (1.6.0)
Requirement already satisfied: pycodestyle<2.4.0,>=2.0.0 in ./env/lib/python3.8/site-packages (from flake8==3.5.0) (2.3.1)
WARNING: You are using pip version 19.2.3, however version 21.0.1 is available.
You should consider upgrading via the 'pip install --upgrade pip' command.
Requirement already satisfied: idna==2.9 in ./env/lib/python3.8/site-packages (2.9)
WARNING: You are using pip version 19.2.3, however version 21.0.1 is available.
You should consider upgrading via the 'pip install --upgrade pip' command.
Requirement already satisfied: importlib-metadata==1.6.1 in ./env/lib/python3.8/site-packages (1.6.1)
Requirement already satisfied: zipp>=0.5 in ./env/lib/python3.8/site-packages (from importlib-metadata==1.6.1) (3.1.0)
WARNING: You are using pip version 19.2.3, however version 21.0.1 is available.
You should consider upgrading via the 'pip install --upgrade pip' command.
Requirement already satisfied: jsonschema==3.0.2 in ./env/lib/python3.8/site-packages (3.0.2)
Requirement already satisfied: six>=1.11.0 in ./env/lib/python3.8/site-packages (from jsonschema==3.0.2) (1.15.0)
Requirement already satisfied: setuptools in ./env/lib/python3.8/site-packages (from jsonschema==3.0.2) (41.2.0)
Requirement already satisfied: attrs>=17.4.0 in ./env/lib/python3.8/site-packages (from jsonschema==3.0.2) (19.3.0)
Requirement already satisfied: pyrsistent>=0.14.0 in ./env/lib/python3.8/site-packages (from jsonschema==3.0.2) (0.16.0)
WARNING: You are using pip version 19.2.3, however version 21.0.1 is available.
You should consider upgrading via the 'pip install --upgrade pip' command.
Requirement already satisfied: mccabe==0.6.1 in ./env/lib/python3.8/site-packages (0.6.1)
WARNING: You are using pip version 19.2.3, however version 21.0.1 is available.
You should consider upgrading via the 'pip install --upgrade pip' command.
Requirement already satisfied: mock==2.0.0 in ./env/lib/python3.8/site-packages (2.0.0)
Requirement already satisfied: pbr>=0.11 in ./env/lib/python3.8/site-packages (from mock==2.0.0) (5.4.5)
Requirement already satisfied: six>=1.9 in ./env/lib/python3.8/site-packages (from mock==2.0.0) (1.15.0)
WARNING: You are using pip version 19.2.3, however version 21.0.1 is available.
You should consider upgrading via the 'pip install --upgrade pip' command.
Requirement already satisfied: more-itertools==8.3.0 in ./env/lib/python3.8/site-packages (8.3.0)
WARNING: You are using pip version 19.2.3, however version 21.0.1 is available.
You should consider upgrading via the 'pip install --upgrade pip' command.
Requirement already satisfied: murmurhash==1.0.2 in ./env/lib/python3.8/site-packages (1.0.2)
WARNING: You are using pip version 19.2.3, however version 21.0.1 is available.
You should consider upgrading via the 'pip install --upgrade pip' command.
Requirement already satisfied: numpy==1.18.5 in ./env/lib/python3.8/site-packages (1.18.5)
WARNING: You are using pip version 19.2.3, however version 21.0.1 is available.
You should consider upgrading via the 'pip install --upgrade pip' command.
Requirement already satisfied: packaging==20.4 in ./env/lib/python3.8/site-packages (20.4)
Requirement already satisfied: six in ./env/lib/python3.8/site-packages (from packaging==20.4) (1.15.0)
Requirement already satisfied: pyparsing>=2.0.2 in ./env/lib/python3.8/site-packages (from packaging==20.4) (2.4.7)
WARNING: You are using pip version 19.2.3, however version 21.0.1 is available.
You should consider upgrading via the 'pip install --upgrade pip' command.
Requirement already satisfied: pbr==5.4.5 in ./env/lib/python3.8/site-packages (5.4.5)
WARNING: You are using pip version 19.2.3, however version 21.0.1 is available.
You should consider upgrading via the 'pip install --upgrade pip' command.
Requirement already satisfied: plac==1.1.3 in ./env/lib/python3.8/site-packages (1.1.3)
WARNING: You are using pip version 19.2.3, however version 21.0.1 is available.
You should consider upgrading via the 'pip install --upgrade pip' command.
Requirement already satisfied: pluggy==0.13.1 in ./env/lib/python3.8/site-packages (0.13.1)
WARNING: You are using pip version 19.2.3, however version 21.0.1 is available.
You should consider upgrading via the 'pip install --upgrade pip' command.
Requirement already satisfied: preshed==3.0.2 in ./env/lib/python3.8/site-packages (3.0.2)
Requirement already satisfied: cymem<2.1.0,>=2.0.2 in ./env/lib/python3.8/site-packages (from preshed==3.0.2) (2.0.3)
Requirement already satisfied: murmurhash<1.1.0,>=0.28.0 in ./env/lib/python3.8/site-packages (from preshed==3.0.2) (1.0.2)
WARNING: You are using pip version 19.2.3, however version 21.0.1 is available.
You should consider upgrading via the 'pip install --upgrade pip' command.
Requirement already satisfied: py==1.8.1 in ./env/lib/python3.8/site-packages (1.8.1)
WARNING: You are using pip version 19.2.3, however version 21.0.1 is available.
You should consider upgrading via the 'pip install --upgrade pip' command.
Requirement already satisfied: pycodestyle==2.3.1 in ./env/lib/python3.8/site-packages (2.3.1)
WARNING: You are using pip version 19.2.3, however version 21.0.1 is available.
You should consider upgrading via the 'pip install --upgrade pip' command.
Requirement already satisfied: pyflakes==1.6.0 in ./env/lib/python3.8/site-packages (1.6.0)
WARNING: You are using pip version 19.2.3, however version 21.0.1 is available.
You should consider upgrading via the 'pip install --upgrade pip' command.
Requirement already satisfied: pyparsing==2.4.7 in ./env/lib/python3.8/site-packages (2.4.7)
WARNING: You are using pip version 19.2.3, however version 21.0.1 is available.
You should consider upgrading via the 'pip install --upgrade pip' command.
Requirement already satisfied: pyrsistent==0.16.0 in ./env/lib/python3.8/site-packages (0.16.0)
Requirement already satisfied: six in ./env/lib/python3.8/site-packages (from pyrsistent==0.16.0) (1.15.0)
WARNING: You are using pip version 19.2.3, however version 21.0.1 is available.
You should consider upgrading via the 'pip install --upgrade pip' command.
Requirement already satisfied: pytest==5.4.3 in ./env/lib/python3.8/site-packages (5.4.3)
Requirement already satisfied: wcwidth in ./env/lib/python3.8/site-packages (from pytest==5.4.3) (0.2.3)
Requirement already satisfied: more-itertools>=4.0.0 in ./env/lib/python3.8/site-packages (from pytest==5.4.3) (8.3.0)
Requirement already satisfied: py>=1.5.0 in ./env/lib/python3.8/site-packages (from pytest==5.4.3) (1.8.1)
Requirement already satisfied: pluggy<1.0,>=0.12 in ./env/lib/python3.8/site-packages (from pytest==5.4.3) (0.13.1)
Requirement already satisfied: packaging in ./env/lib/python3.8/site-packages (from pytest==5.4.3) (20.4)
Requirement already satisfied: attrs>=17.4.0 in ./env/lib/python3.8/site-packages (from pytest==5.4.3) (19.3.0)
Requirement already satisfied: six in ./env/lib/python3.8/site-packages (from packaging->pytest==5.4.3) (1.15.0)
Requirement already satisfied: pyparsing>=2.0.2 in ./env/lib/python3.8/site-packages (from packaging->pytest==5.4.3) (2.4.7)
WARNING: You are using pip version 19.2.3, however version 21.0.1 is available.
You should consider upgrading via the 'pip install --upgrade pip' command.
Requirement already satisfied: pytest-timeout==1.3.4 in ./env/lib/python3.8/site-packages (1.3.4)
Requirement already satisfied: pytest>=3.6.0 in ./env/lib/python3.8/site-packages (from pytest-timeout==1.3.4) (5.4.3)
Requirement already satisfied: pluggy<1.0,>=0.12 in ./env/lib/python3.8/site-packages (from pytest>=3.6.0->pytest-timeout==1.3.4) (0.13.1)
Requirement already satisfied: wcwidth in ./env/lib/python3.8/site-packages (from pytest>=3.6.0->pytest-timeout==1.3.4) (0.2.3)
Requirement already satisfied: packaging in ./env/lib/python3.8/site-packages (from pytest>=3.6.0->pytest-timeout==1.3.4) (20.4)
Requirement already satisfied: more-itertools>=4.0.0 in ./env/lib/python3.8/site-packages (from pytest>=3.6.0->pytest-timeout==1.3.4) (8.3.0)
Requirement already satisfied: py>=1.5.0 in ./env/lib/python3.8/site-packages (from pytest>=3.6.0->pytest-timeout==1.3.4) (1.8.1)
Requirement already satisfied: attrs>=17.4.0 in ./env/lib/python3.8/site-packages (from pytest>=3.6.0->pytest-timeout==1.3.4) (19.3.0)
Requirement already satisfied: pyparsing>=2.0.2 in ./env/lib/python3.8/site-packages (from packaging->pytest>=3.6.0->pytest-timeout==1.3.4) (2.4.7)
Requirement already satisfied: six in ./env/lib/python3.8/site-packages (from packaging->pytest>=3.6.0->pytest-timeout==1.3.4) (1.15.0)
WARNING: You are using pip version 19.2.3, however version 21.0.1 is available.
You should consider upgrading via the 'pip install --upgrade pip' command.
Requirement already satisfied: requests==2.23.0 in ./env/lib/python3.8/site-packages (2.23.0)
Requirement already satisfied: urllib3!=1.25.0,!=1.25.1,<1.26,>=1.21.1 in ./env/lib/python3.8/site-packages (from requests==2.23.0) (1.25.9)
Requirement already satisfied: chardet<4,>=3.0.2 in ./env/lib/python3.8/site-packages (from requests==2.23.0) (3.0.4)
Requirement already satisfied: certifi>=2017.4.17 in ./env/lib/python3.8/site-packages (from requests==2.23.0) (2020.4.5.1)
Requirement already satisfied: idna<3,>=2.5 in ./env/lib/python3.8/site-packages (from requests==2.23.0) (2.9)
WARNING: You are using pip version 19.2.3, however version 21.0.1 is available.
You should consider upgrading via the 'pip install --upgrade pip' command.
Requirement already satisfied: six==1.15.0 in ./env/lib/python3.8/site-packages (1.15.0)
WARNING: You are using pip version 19.2.3, however version 21.0.1 is available.
You should consider upgrading via the 'pip install --upgrade pip' command.
Requirement already satisfied: srsly==1.0.2 in ./env/lib/python3.8/site-packages (1.0.2)
WARNING: You are using pip version 19.2.3, however version 21.0.1 is available.
You should consider upgrading via the 'pip install --upgrade pip' command.
Requirement already satisfied: thinc==7.4.0 in ./env/lib/python3.8/site-packages (7.4.0)
Requirement already satisfied: blis<0.5.0,>=0.4.0 in ./env/lib/python3.8/site-packages (from thinc==7.4.0) (0.4.1)
Requirement already satisfied: wasabi<1.1.0,>=0.0.9 in ./env/lib/python3.8/site-packages (from thinc==7.4.0) (0.6.0)
Requirement already satisfied: tqdm<5.0.0,>=4.10.0 in ./env/lib/python3.8/site-packages (from thinc==7.4.0) (4.46.1)
Requirement already satisfied: murmurhash<1.1.0,>=0.28.0 in ./env/lib/python3.8/site-packages (from thinc==7.4.0) (1.0.2)
Requirement already satisfied: catalogue<1.1.0,>=0.0.7 in ./env/lib/python3.8/site-packages (from thinc==7.4.0) (1.0.0)
Requirement already satisfied: cymem<2.1.0,>=2.0.2 in ./env/lib/python3.8/site-packages (from thinc==7.4.0) (2.0.3)
Requirement already satisfied: srsly<1.1.0,>=0.0.6 in ./env/lib/python3.8/site-packages (from thinc==7.4.0) (1.0.2)
Requirement already satisfied: plac<1.2.0,>=0.9.6 in ./env/lib/python3.8/site-packages (from thinc==7.4.0) (1.1.3)
Requirement already satisfied: numpy>=1.7.0 in ./env/lib/python3.8/site-packages (from thinc==7.4.0) (1.18.5)
Requirement already satisfied: preshed<3.1.0,>=1.0.1 in ./env/lib/python3.8/site-packages (from thinc==7.4.0) (3.0.2)
WARNING: You are using pip version 19.2.3, however version 21.0.1 is available.
You should consider upgrading via the 'pip install --upgrade pip' command.
Requirement already satisfied: tqdm==4.46.1 in ./env/lib/python3.8/site-packages (4.46.1)
WARNING: You are using pip version 19.2.3, however version 21.0.1 is available.
You should consider upgrading via the 'pip install --upgrade pip' command.
Requirement already satisfied: urllib3==1.25.9 in ./env/lib/python3.8/site-packages (1.25.9)
WARNING: You are using pip version 19.2.3, however version 21.0.1 is available.
You should consider upgrading via the 'pip install --upgrade pip' command.
Requirement already satisfied: wasabi==0.6.0 in ./env/lib/python3.8/site-packages (0.6.0)
WARNING: You are using pip version 19.2.3, however version 21.0.1 is available.
You should consider upgrading via the 'pip install --upgrade pip' command.
Requirement already satisfied: wcwidth==0.2.3 in ./env/lib/python3.8/site-packages (0.2.3)
WARNING: You are using pip version 19.2.3, however version 21.0.1 is available.
You should consider upgrading via the 'pip install --upgrade pip' command.
Requirement already satisfied: zipp==3.1.0 in ./env/lib/python3.8/site-packages (3.1.0)
WARNING: You are using pip version 19.2.3, however version 21.0.1 is available.
You should consider upgrading via the 'pip install --upgrade pip' command.
py.test spacy/tests/regression/test_issue5137.py::test_issue5137
RUN EVERY COMMAND
0


ImportError while loading conftest '/home/sumukher/evals/BugsInPy/framework/bin/temp/spacy/spacy/tests/conftest.py'.
spacy/__init__.py:12: in <module>
    from . import pipeline
spacy/pipeline/__init__.py:4: in <module>
    from .pipes import Tagger, DependencyParser, EntityRecognizer, EntityLinker
pipes.pyx:1: in init spacy.pipeline.pipes
    ???
nn_parser.pyx:1: in init spacy.syntax.nn_parser
    ???
morphology.pyx:1: in init spacy.morphology
    ???
vocab.pyx:1: in init spacy.vocab
    ???
lexeme.pyx:21: in init spacy.lexeme
    ???
E   ImportError: cannot import name user_warning
